SherlockAndroid-theothers/icephoneTest/app/build/intermediates/manifest_merge_blame_file/debug/manifest-merger-blame-debug-report.txt
1<?xml version="1.0" encoding="utf-8"?>
2<manifest xmlns:android="http://schemas.android.com/apk/res/android"
3    package="com.example.icephonetest"
4    android:versionCode="1"
5    android:versionName="1.0" >
6
7    <uses-sdk
8        android:minSdkVersion="21"
8-->src\main\AndroidManifest.xml
9        android:targetSdkVersion="32" />
9-->src\main\AndroidManifest.xml
10
11    <uses-permission android:name="android.permission.INTERNET" />
11-->src\main\AndroidManifest.xml:5:5-67
11-->src\main\AndroidManifest.xml:5:22-64
12
13    <application
13-->src\main\AndroidManifest.xml:7:5-45:19
14        android:allowBackup="true"
14-->src\main\AndroidManifest.xml:8:9-35
15        android:appComponentFactory="androidx.core.app.CoreComponentFactory"
15-->[androidx.core:core:1.7.0] AndroidManifest.xml:24:18-86
16        android:dataExtractionRules="@xml/data_extraction_rules"
16-->src\main\AndroidManifest.xml:9:9-65
17        android:debuggable="true"
18        android:fullBackupContent="@xml/backup_rules"
18-->src\main\AndroidManifest.xml:10:9-54
19        android:icon="@mipmap/ic_launcher"
19-->src\main\AndroidManifest.xml:11:9-43
20        android:label="@string/app_name"
20-->src\main\AndroidManifest.xml:12:9-41
21        android:roundIcon="@mipmap/ic_launcher_round"
21-->src\main\AndroidManifest.xml:13:9-54
22        android:supportsRtl="true"
22-->src\main\AndroidManifest.xml:14:9-35
23        android:testOnly="true"
24        android:theme="@style/Theme.AppCompat.Light.NoActionBar"
24-->src\main\AndroidManifest.xml:15:9-65
25        android:usesCleartextTraffic="true" >
25-->src\main\AndroidManifest.xml:16:9-44
26        <activity
26-->src\main\AndroidManifest.xml:18:9-20:40
27            android:name="com.example.icephonetest.RegisterActivity"
27-->src\main\AndroidManifest.xml:19:13-45
28            android:exported="false" />
28-->src\main\AndroidManifest.xml:20:13-37
29        <activity
29-->src\main\AndroidManifest.xml:21:9-23:40
30            android:name="com.example.icephonetest.LoginActivity"
30-->src\main\AndroidManifest.xml:22:13-42
31            android:exported="false" />
31-->src\main\AndroidManifest.xml:23:13-37
32        <activity
32-->src\main\AndroidManifest.xml:24:9-30:20
33            android:name="com.example.icephonetest.NoteDetailFragment"
33-->src\main\AndroidManifest.xml:25:13-47
34            android:exported="false" >
34-->src\main\AndroidManifest.xml:26:13-37
35            <meta-data
35-->src\main\AndroidManifest.xml:27:13-29:36
36                android:name="android.app.lib_name"
36-->src\main\AndroidManifest.xml:28:17-52
37                android:value="" />
37-->src\main\AndroidManifest.xml:29:17-33
38        </activity>
39        <activity
39-->src\main\AndroidManifest.xml:31:9-44:20
40            android:name="com.example.icephonetest.MainActivity"
40-->src\main\AndroidManifest.xml:32:13-41
41            android:exported="true"
41-->src\main\AndroidManifest.xml:33:13-36
42            android:windowSoftInputMode="adjustPan|stateHidden" >
42-->src\main\AndroidManifest.xml:34:13-64
43            <intent-filter>
43-->src\main\AndroidManifest.xml:35:13-39:29
44                <action android:name="android.intent.action.MAIN" />
44-->src\main\AndroidManifest.xml:36:17-69
44-->src\main\AndroidManifest.xml:36:25-66
45
46                <category android:name="android.intent.category.LAUNCHER" />
46-->src\main\AndroidManifest.xml:38:17-77
46-->src\main\AndroidManifest.xml:38:27-74
47            </intent-filter>
48
49            <meta-data
49-->src\main\AndroidManifest.xml:27:13-29:36
50                android:name="android.app.lib_name"
50-->src\main\AndroidManifest.xml:28:17-52
51                android:value="" />
51-->src\main\AndroidManifest.xml:29:17-33
52        </activity>
53
54        <provider
54-->[androidx.emoji2:emoji2:1.0.0] AndroidManifest.xml:26:9-34:20
55            android:name="androidx.startup.InitializationProvider"
55-->[androidx.emoji2:emoji2:1.0.0] AndroidManifest.xml:27:13-67
56            android:authorities="com.example.icephonetest.androidx-startup"
56-->[androidx.emoji2:emoji2:1.0.0] AndroidManifest.xml:28:13-68
57            android:exported="false" >
57-->[androidx.emoji2:emoji2:1.0.0] AndroidManifest.xml:29:13-37
58            <meta-data
58-->[androidx.emoji2:emoji2:1.0.0] AndroidManifest.xml:31:13-33:52
59                android:name="androidx.emoji2.text.EmojiCompatInitializer"
59-->[androidx.emoji2:emoji2:1.0.0] AndroidManifest.xml:32:17-75
60                android:value="androidx.startup" />
60-->[androidx.emoji2:emoji2:1.0.0] AndroidManifest.xml:33:17-49
61            <meta-data
61-->[androidx.lifecycle:lifecycle-process:2.4.0] AndroidManifest.xml:31:13-33:52
62                android:name="androidx.lifecycle.ProcessLifecycleInitializer"
62-->[androidx.lifecycle:lifecycle-process:2.4.0] AndroidManifest.xml:32:17-78
63                android:value="androidx.startup" />
63-->[androidx.lifecycle:lifecycle-process:2.4.0] AndroidManifest.xml:33:17-49
64        </provider>
65    </application>
66
67</manifest>